<?xml version="1.0" encoding="utf-8"?><testsuite errors="1" failures="0" name="pytest" skips="0" tests="1" time="1.315"><testcase classname="" file="pytests/test_index.py" name="pytests.test_index" time="0"><error message="collection failure">ImportError while importing test module &apos;/home/Socjon/dsc-1-11-13-adjusted-r-squared-lab-online-ds-pt-100118/pytests/test_index.py&apos;.
Hint: make sure your test modules/packages have valid Python names.
Traceback:
pytests/test_index.py:7: in &lt;module&gt;
    from ipynb.fs.full.index import * # variable names go here
index.ipynb:78: in &lt;module&gt;
    &quot;logcrim = np.log(boston_features[\&quot;CRIM\&quot;])\n&quot;,
E   ModuleNotFoundError: No module named &apos;statsmodels&apos;</error></testcase></testsuite>